<?xml version="1.0" encoding="UTF-8"?>
<!-- Generated by org.testng.reporters.JUnitXMLReporter -->
<testsuite hostname="mstrmuptn350s" name="KNRiskTestNGTest" tests="3" failures="0" timestamp="11 Dec 2017 10:00:04 GMT" time="33.443" errors="0">
  <testcase name="test1" time="0.927" classname="kn.risk.pages.Test1"/>
  <testcase name="test2" time="14.041" classname="kn.risk.pages.Test1"/>
  <testcase name="test3" time="8.627" classname="kn.risk.pages.Test1"/>
</testsuite> <!-- KNRiskTestNGTest -->
